<?xml version="1.0" encoding="UTF-8"?>
<testsuite xmlns:xsi="http://www.w3.org/2001/XMLSchema-instance" xsi:noNamespaceSchemaLocation="https://maven.apache.org/surefire/maven-surefire-plugin/xsd/surefire-test-report.xsd" name="TestSuite" time="75.037" tests="2" errors="0" skipped="0" failures="0">
  <properties>
    <property name="sun.desktop" value="windows"/>
    <property name="awt.toolkit" value="sun.awt.windows.WToolkit"/>
    <property name="file.encoding.pkg" value="sun.io"/>
    <property name="java.specification.version" value="1.8"/>
    <property name="sun.cpu.isalist" value="amd64"/>
    <property name="sun.jnu.encoding" value="Cp1252"/>
    <property name="java.class.path" value="C:\Users\Nirbhay\eclipse-workspace\cimb\target\test-classes;C:\Users\Nirbhay\eclipse-workspace\cimb\target\classes;C:\Users\Nirbhay\.m2\repository\com\vmware\photon\controller\photon-model\0.6.59\photon-model-0.6.59.jar;C:\Users\Nirbhay\.m2\repository\com\vmware\xenon\xenon-common\1.6.5\xenon-common-1.6.5.jar;C:\Users\Nirbhay\.m2\repository\io\netty\netty-all\4.1.15.Final\netty-all-4.1.15.Final.jar;C:\Users\Nirbhay\.m2\repository\com\esotericsoftware\kryo-shaded\3.0.2\kryo-shaded-3.0.2.jar;C:\Users\Nirbhay\.m2\repository\com\esotericsoftware\minlog\1.3.0\minlog-1.3.0.jar;C:\Users\Nirbhay\.m2\repository\org\objenesis\objenesis\2.1\objenesis-2.1.jar;C:\Users\Nirbhay\.m2\repository\org\apache\lucene\lucene-analyzers-common\6.5.0\lucene-analyzers-common-6.5.0.jar;C:\Users\Nirbhay\.m2\repository\org\apache\lucene\lucene-core\6.5.0\lucene-core-6.5.0.jar;C:\Users\Nirbhay\.m2\repository\org\apache\lucene\lucene-misc\6.5.0\lucene-misc-6.5.0.jar;C:\Users\Nirbhay\.m2\repository\org\apache\lucene\lucene-queries\6.5.0\lucene-queries-6.5.0.jar;C:\Users\Nirbhay\.m2\repository\org\apache\lucene\lucene-grouping\6.5.0\lucene-grouping-6.5.0.jar;C:\Users\Nirbhay\.m2\repository\org\apache\lucene\lucene-backward-codecs\6.5.0\lucene-backward-codecs-6.5.0.jar;C:\Users\Nirbhay\.m2\repository\io\opentracing\opentracing-api\0.30.0\opentracing-api-0.30.0.jar;C:\Users\Nirbhay\.m2\repository\io\opentracing\opentracing-noop\0.30.0\opentracing-noop-0.30.0.jar;C:\Users\Nirbhay\.m2\repository\commons-validator\commons-validator\1.5.1\commons-validator-1.5.1.jar;C:\Users\Nirbhay\.m2\repository\commons-beanutils\commons-beanutils\1.9.2\commons-beanutils-1.9.2.jar;C:\Users\Nirbhay\.m2\repository\commons-digester\commons-digester\1.8.1\commons-digester-1.8.1.jar;C:\Users\Nirbhay\.m2\repository\commons-net\commons-net\3.5\commons-net-3.5.jar;C:\Users\Nirbhay\.m2\repository\org\bouncycastle\bcpkix-jdk15on\1.57\bcpkix-jdk15on-1.57.jar;C:\Users\Nirbhay\.m2\repository\org\bouncycastle\bcprov-jdk15on\1.57\bcprov-jdk15on-1.57.jar;C:\Users\Nirbhay\.m2\repository\org\apache\commons\commons-lang3\3.4\commons-lang3-3.4.jar;C:\Users\Nirbhay\.m2\repository\org\seleniumhq\selenium\htmlunit-driver\2.35.1\htmlunit-driver-2.35.1.jar;C:\Users\Nirbhay\.m2\repository\org\seleniumhq\selenium\selenium-api\3.141.59\selenium-api-3.141.59.jar;C:\Users\Nirbhay\.m2\repository\org\seleniumhq\selenium\selenium-support\3.141.59\selenium-support-3.141.59.jar;C:\Users\Nirbhay\.m2\repository\net\sourceforge\htmlunit\htmlunit\2.35.0\htmlunit-2.35.0.jar;C:\Users\Nirbhay\.m2\repository\xalan\xalan\2.7.2\xalan-2.7.2.jar;C:\Users\Nirbhay\.m2\repository\xalan\serializer\2.7.2\serializer-2.7.2.jar;C:\Users\Nirbhay\.m2\repository\org\apache\commons\commons-text\1.6\commons-text-1.6.jar;C:\Users\Nirbhay\.m2\repository\org\apache\httpcomponents\httpmime\4.5.8\httpmime-4.5.8.jar;C:\Users\Nirbhay\.m2\repository\net\sourceforge\htmlunit\htmlunit-core-js\2.35.0\htmlunit-core-js-2.35.0.jar;C:\Users\Nirbhay\.m2\repository\net\sourceforge\htmlunit\neko-htmlunit\2.35.0\neko-htmlunit-2.35.0.jar;C:\Users\Nirbhay\.m2\repository\xerces\xercesImpl\2.12.0\xercesImpl-2.12.0.jar;C:\Users\Nirbhay\.m2\repository\net\sourceforge\htmlunit\htmlunit-cssparser\1.4.0\htmlunit-cssparser-1.4.0.jar;C:\Users\Nirbhay\.m2\repository\org\eclipse\jetty\websocket\websocket-client\9.4.16.v20190411\websocket-client-9.4.16.v20190411.jar;C:\Users\Nirbhay\.m2\repository\org\eclipse\jetty\jetty-client\9.4.16.v20190411\jetty-client-9.4.16.v20190411.jar;C:\Users\Nirbhay\.m2\repository\org\eclipse\jetty\jetty-http\9.4.16.v20190411\jetty-http-9.4.16.v20190411.jar;C:\Users\Nirbhay\.m2\repository\org\eclipse\jetty\jetty-xml\9.4.16.v20190411\jetty-xml-9.4.16.v20190411.jar;C:\Users\Nirbhay\.m2\repository\org\eclipse\jetty\jetty-util\9.4.16.v20190411\jetty-util-9.4.16.v20190411.jar;C:\Users\Nirbhay\.m2\repository\org\eclipse\jetty\jetty-io\9.4.16.v20190411\jetty-io-9.4.16.v20190411.jar;C:\Users\Nirbhay\.m2\repository\org\eclipse\jetty\websocket\websocket-common\9.4.16.v20190411\websocket-common-9.4.16.v20190411.jar;C:\Users\Nirbhay\.m2\repository\org\eclipse\jetty\websocket\websocket-api\9.4.16.v20190411\websocket-api-9.4.16.v20190411.jar;C:\Users\Nirbhay\.m2\repository\org\apache\logging\log4j\log4j-api\2.11.1\log4j-api-2.11.1.jar;C:\Users\Nirbhay\.m2\repository\com\hynnet\jacob\1.18\jacob-1.18.jar;C:\Users\Nirbhay\.m2\repository\io\github\bonigarcia\webdrivermanager\3.4.0\webdrivermanager-3.4.0.jar;C:\Users\Nirbhay\.m2\repository\org\slf4j\slf4j-api\1.7.25\slf4j-api-1.7.25.jar;C:\Users\Nirbhay\.m2\repository\com\google\code\gson\gson\2.8.5\gson-2.8.5.jar;C:\Users\Nirbhay\.m2\repository\org\apache\httpcomponents\httpclient\4.5.6\httpclient-4.5.6.jar;C:\Users\Nirbhay\.m2\repository\org\rauschig\jarchivelib\1.0.0\jarchivelib-1.0.0.jar;C:\Users\Nirbhay\.m2\repository\org\apache\commons\commons-compress\1.18\commons-compress-1.18.jar;C:\Users\Nirbhay\.m2\repository\org\jsoup\jsoup\1.11.3\jsoup-1.11.3.jar;C:\Users\Nirbhay\.m2\repository\com\codeborne\phantomjsdriver\1.4.4\phantomjsdriver-1.4.4.jar;C:\Users\Nirbhay\.m2\repository\org\seleniumhq\selenium\selenium-remote-driver\3.8.1\selenium-remote-driver-3.8.1.jar;C:\Users\Nirbhay\.m2\repository\org\seleniumhq\selenium\selenium-chrome-driver\3.141.59\selenium-chrome-driver-3.141.59.jar;C:\Users\Nirbhay\.m2\repository\net\bytebuddy\byte-buddy\1.8.15\byte-buddy-1.8.15.jar;C:\Users\Nirbhay\.m2\repository\org\apache\commons\commons-exec\1.3\commons-exec-1.3.jar;C:\Users\Nirbhay\.m2\repository\com\google\guava\guava\25.0-jre\guava-25.0-jre.jar;C:\Users\Nirbhay\.m2\repository\com\google\code\findbugs\jsr305\1.3.9\jsr305-1.3.9.jar;C:\Users\Nirbhay\.m2\repository\org\checkerframework\checker-compat-qual\2.0.0\checker-compat-qual-2.0.0.jar;C:\Users\Nirbhay\.m2\repository\com\google\errorprone\error_prone_annotations\2.1.3\error_prone_annotations-2.1.3.jar;C:\Users\Nirbhay\.m2\repository\com\google\j2objc\j2objc-annotations\1.1\j2objc-annotations-1.1.jar;C:\Users\Nirbhay\.m2\repository\org\codehaus\mojo\animal-sniffer-annotations\1.14\animal-sniffer-annotations-1.14.jar;C:\Users\Nirbhay\.m2\repository\com\squareup\okhttp3\okhttp\3.11.0\okhttp-3.11.0.jar;C:\Users\Nirbhay\.m2\repository\com\squareup\okio\okio\1.14.0\okio-1.14.0.jar;C:\Users\Nirbhay\.m2\repository\io\qameta\allure\allure-testng\2.12.1\allure-testng-2.12.1.jar;C:\Users\Nirbhay\.m2\repository\io\qameta\allure\allure-java-commons\2.12.1\allure-java-commons-2.12.1.jar;C:\Users\Nirbhay\.m2\repository\io\qameta\allure\allure-model\2.12.1\allure-model-2.12.1.jar;C:\Users\Nirbhay\.m2\repository\com\fasterxml\jackson\core\jackson-databind\2.9.8\jackson-databind-2.9.8.jar;C:\Users\Nirbhay\.m2\repository\com\fasterxml\jackson\core\jackson-annotations\2.9.0\jackson-annotations-2.9.0.jar;C:\Users\Nirbhay\.m2\repository\com\fasterxml\jackson\core\jackson-core\2.9.8\jackson-core-2.9.8.jar;C:\Users\Nirbhay\.m2\repository\org\apache\tika\tika-core\1.20\tika-core-1.20.jar;C:\Users\Nirbhay\.m2\repository\org\jooq\joor-java-8\0.9.10\joor-java-8-0.9.10.jar;C:\Users\Nirbhay\.m2\repository\org\apache\cassandra\cassandra-all\0.8.1\cassandra-all-0.8.1.jar;C:\Users\Nirbhay\.m2\repository\commons-cli\commons-cli\1.1\commons-cli-1.1.jar;C:\Users\Nirbhay\.m2\repository\commons-codec\commons-codec\1.2\commons-codec-1.2.jar;C:\Users\Nirbhay\.m2\repository\commons-collections\commons-collections\3.2.1\commons-collections-3.2.1.jar;C:\Users\Nirbhay\.m2\repository\commons-lang\commons-lang\2.4\commons-lang-2.4.jar;C:\Users\Nirbhay\.m2\repository\com\googlecode\concurrentlinkedhashmap\concurrentlinkedhashmap-lru\1.1\concurrentlinkedhashmap-lru-1.1.jar;C:\Users\Nirbhay\.m2\repository\org\antlr\antlr\3.2\antlr-3.2.jar;C:\Users\Nirbhay\.m2\repository\org\antlr\antlr-runtime\3.2\antlr-runtime-3.2.jar;C:\Users\Nirbhay\.m2\repository\org\antlr\stringtemplate\3.2\stringtemplate-3.2.jar;C:\Users\Nirbhay\.m2\repository\antlr\antlr\2.7.7\antlr-2.7.7.jar;C:\Users\Nirbhay\.m2\repository\org\apache\cassandra\deps\avro\1.4.0-cassandra-1\avro-1.4.0-cassandra-1.jar;C:\Users\Nirbhay\.m2\repository\org\mortbay\jetty\jetty\6.1.22\jetty-6.1.22.jar;C:\Users\Nirbhay\.m2\repository\org\mortbay\jetty\jetty-util\6.1.22\jetty-util-6.1.22.jar;C:\Users\Nirbhay\.m2\repository\org\mortbay\jetty\servlet-api\2.5-20081211\servlet-api-2.5-20081211.jar;C:\Users\Nirbhay\.m2\repository\org\codehaus\jackson\jackson-core-asl\1.4.0\jackson-core-asl-1.4.0.jar;C:\Users\Nirbhay\.m2\repository\org\codehaus\jackson\jackson-mapper-asl\1.4.0\jackson-mapper-asl-1.4.0.jar;C:\Users\Nirbhay\.m2\repository\jline\jline\0.9.94\jline-0.9.94.jar;C:\Users\Nirbhay\.m2\repository\com\googlecode\json-simple\json-simple\1.1\json-simple-1.1.jar;C:\Users\Nirbhay\.m2\repository\com\github\stephenc\high-scale-lib\high-scale-lib\1.1.2\high-scale-lib-1.1.2.jar;C:\Users\Nirbhay\.m2\repository\org\yaml\snakeyaml\1.6\snakeyaml-1.6.jar;C:\Users\Nirbhay\.m2\repository\org\apache\thrift\libthrift\0.6.1\libthrift-0.6.1.jar;C:\Users\Nirbhay\.m2\repository\junit\junit\4.4\junit-4.4.jar;C:\Users\Nirbhay\.m2\repository\javax\servlet\servlet-api\2.5\servlet-api-2.5.jar;C:\Users\Nirbhay\.m2\repository\org\apache\cassandra\cassandra-thrift\0.8.1\cassandra-thrift-0.8.1.jar;C:\Users\Nirbhay\.m2\repository\com\github\stephenc\jamm\0.2.2\jamm-0.2.2.jar;C:\Users\Nirbhay\.m2\repository\org\slf4j\slf4j-simple\1.6.1\slf4j-simple-1.6.1.jar;C:\Users\Nirbhay\.m2\repository\org\testng\testng\6.14.3\testng-6.14.3.jar;C:\Users\Nirbhay\.m2\repository\com\beust\jcommander\1.72\jcommander-1.72.jar;C:\Users\Nirbhay\.m2\repository\org\apache-extras\beanshell\bsh\2.0b6\bsh-2.0b6.jar;C:\Users\Nirbhay\.m2\repository\org\seleniumhq\selenium\selenium-java\3.8.0\selenium-java-3.8.0.jar;C:\Users\Nirbhay\.m2\repository\org\seleniumhq\selenium\selenium-edge-driver\3.8.0\selenium-edge-driver-3.8.0.jar;C:\Users\Nirbhay\.m2\repository\org\seleniumhq\selenium\selenium-firefox-driver\3.8.0\selenium-firefox-driver-3.8.0.jar;C:\Users\Nirbhay\.m2\repository\org\seleniumhq\selenium\selenium-ie-driver\3.8.0\selenium-ie-driver-3.8.0.jar;C:\Users\Nirbhay\.m2\repository\org\seleniumhq\selenium\selenium-opera-driver\3.8.0\selenium-opera-driver-3.8.0.jar;C:\Users\Nirbhay\.m2\repository\org\seleniumhq\selenium\selenium-safari-driver\3.8.0\selenium-safari-driver-3.8.0.jar;C:\Users\Nirbhay\.m2\repository\commons-logging\commons-logging\1.2\commons-logging-1.2.jar;C:\Users\Nirbhay\.m2\repository\org\apache\httpcomponents\httpcore\4.4.6\httpcore-4.4.6.jar;C:\Users\Nirbhay\.m2\repository\com\relevantcodes\extentreports\2.41.2\extentreports-2.41.2.jar;C:\Users\Nirbhay\.m2\repository\org\xerial\sqlite-jdbc\3.8.11.1\sqlite-jdbc-3.8.11.1.jar;C:\Users\Nirbhay\.m2\repository\org\freemarker\freemarker\2.3.23\freemarker-2.3.23.jar;C:\Users\Nirbhay\.m2\repository\org\mongodb\mongodb-driver\3.0.4\mongodb-driver-3.0.4.jar;C:\Users\Nirbhay\.m2\repository\org\mongodb\bson\3.0.4\bson-3.0.4.jar;C:\Users\Nirbhay\.m2\repository\org\mongodb\mongodb-driver-core\3.0.4\mongodb-driver-core-3.0.4.jar;C:\Users\Nirbhay\.m2\repository\org\uncommons\reportng\1.1.4\reportng-1.1.4.jar;C:\Users\Nirbhay\.m2\repository\velocity\velocity\1.4\velocity-1.4.jar;C:\Users\Nirbhay\.m2\repository\velocity\velocity-dep\1.4\velocity-dep-1.4.jar;C:\Users\Nirbhay\.m2\repository\org\apache\velocity\velocity\1.7\velocity-1.7.jar;C:\Users\Nirbhay\.m2\repository\com\google\inject\guice\4.0\guice-4.0.jar;C:\Users\Nirbhay\.m2\repository\javax\inject\javax.inject\1\javax.inject-1.jar;C:\Users\Nirbhay\.m2\repository\aopalliance\aopalliance\1.0\aopalliance-1.0.jar;C:\Users\Nirbhay\.m2\repository\org\apache\poi\poi\3.9\poi-3.9.jar;C:\Users\Nirbhay\.m2\repository\xml-apis\xml-apis\1.4.01\xml-apis-1.4.01.jar;C:\Users\Nirbhay\.m2\repository\org\apache\poi\poi-ooxml\3.9\poi-ooxml-3.9.jar;C:\Users\Nirbhay\.m2\repository\dom4j\dom4j\1.6.1\dom4j-1.6.1.jar;C:\Users\Nirbhay\.m2\repository\org\apache\poi\ooxml-schemas\1.1\ooxml-schemas-1.1.jar;C:\Users\Nirbhay\.m2\repository\org\apache\xmlbeans\xmlbeans\2.3.0\xmlbeans-2.3.0.jar;C:\Users\Nirbhay\.m2\repository\stax\stax-api\1.0.1\stax-api-1.0.1.jar;C:\Users\Nirbhay\.m2\repository\org\apache\poi\poi-ooxml-schemas\3.9\poi-ooxml-schemas-3.9.jar;C:\Users\Nirbhay\.m2\repository\org\apache\poi\poi-scratchpad\3.9\poi-scratchpad-3.9.jar;C:\Users\Nirbhay\.m2\repository\org\apache\poi\openxml4j\1.0-beta\openxml4j-1.0-beta.jar;C:\Users\Nirbhay\.m2\repository\log4j\log4j\1.2.8\log4j-1.2.8.jar;C:\Users\Nirbhay\.m2\repository\commons-io\commons-io\2.6\commons-io-2.6.jar;C:\Users\Nirbhay\.m2\repository\org\apache\maven\surefire\surefire-testng-utils\2.20.1\surefire-testng-utils-2.20.1.jar;C:\Users\Nirbhay\.m2\repository\org\apache\maven\surefire\surefire-grouper\2.20.1\surefire-grouper-2.20.1.jar;"/>
    <property name="java.vm.vendor" value="Oracle Corporation"/>
    <property name="sun.arch.data.model" value="64"/>
    <property name="user.variant" value=""/>
    <property name="java.vendor.url" value="http://java.oracle.com/"/>
    <property name="user.timezone" value=""/>
    <property name="java.vm.specification.version" value="1.8"/>
    <property name="os.name" value="Windows 10"/>
    <property name="user.country" value="US"/>
    <property name="sun.java.launcher" value="SUN_STANDARD"/>
    <property name="sun.boot.library.path" value="C:\Program Files\Java\jdk1.8.0_231\jre\bin"/>
    <property name="sun.java.command" value="C:\Users\Nirbhay\AppData\Local\Temp\surefire407477454701606989\surefirebooter7754610556287315163.jar C:\Users\Nirbhay\AppData\Local\Temp\surefire407477454701606989 2020-03-23T18-51-39_924-jvmRun1 surefire8550577942168596375tmp surefire_01437599869591687100tmp"/>
    <property name="surefire.test.class.path" value="C:\Users\Nirbhay\eclipse-workspace\cimb\target\test-classes;C:\Users\Nirbhay\eclipse-workspace\cimb\target\classes;C:\Users\Nirbhay\.m2\repository\com\vmware\photon\controller\photon-model\0.6.59\photon-model-0.6.59.jar;C:\Users\Nirbhay\.m2\repository\com\vmware\xenon\xenon-common\1.6.5\xenon-common-1.6.5.jar;C:\Users\Nirbhay\.m2\repository\io\netty\netty-all\4.1.15.Final\netty-all-4.1.15.Final.jar;C:\Users\Nirbhay\.m2\repository\com\esotericsoftware\kryo-shaded\3.0.2\kryo-shaded-3.0.2.jar;C:\Users\Nirbhay\.m2\repository\com\esotericsoftware\minlog\1.3.0\minlog-1.3.0.jar;C:\Users\Nirbhay\.m2\repository\org\objenesis\objenesis\2.1\objenesis-2.1.jar;C:\Users\Nirbhay\.m2\repository\org\apache\lucene\lucene-analyzers-common\6.5.0\lucene-analyzers-common-6.5.0.jar;C:\Users\Nirbhay\.m2\repository\org\apache\lucene\lucene-core\6.5.0\lucene-core-6.5.0.jar;C:\Users\Nirbhay\.m2\repository\org\apache\lucene\lucene-misc\6.5.0\lucene-misc-6.5.0.jar;C:\Users\Nirbhay\.m2\repository\org\apache\lucene\lucene-queries\6.5.0\lucene-queries-6.5.0.jar;C:\Users\Nirbhay\.m2\repository\org\apache\lucene\lucene-grouping\6.5.0\lucene-grouping-6.5.0.jar;C:\Users\Nirbhay\.m2\repository\org\apache\lucene\lucene-backward-codecs\6.5.0\lucene-backward-codecs-6.5.0.jar;C:\Users\Nirbhay\.m2\repository\io\opentracing\opentracing-api\0.30.0\opentracing-api-0.30.0.jar;C:\Users\Nirbhay\.m2\repository\io\opentracing\opentracing-noop\0.30.0\opentracing-noop-0.30.0.jar;C:\Users\Nirbhay\.m2\repository\commons-validator\commons-validator\1.5.1\commons-validator-1.5.1.jar;C:\Users\Nirbhay\.m2\repository\commons-beanutils\commons-beanutils\1.9.2\commons-beanutils-1.9.2.jar;C:\Users\Nirbhay\.m2\repository\commons-digester\commons-digester\1.8.1\commons-digester-1.8.1.jar;C:\Users\Nirbhay\.m2\repository\commons-net\commons-net\3.5\commons-net-3.5.jar;C:\Users\Nirbhay\.m2\repository\org\bouncycastle\bcpkix-jdk15on\1.57\bcpkix-jdk15on-1.57.jar;C:\Users\Nirbhay\.m2\repository\org\bouncycastle\bcprov-jdk15on\1.57\bcprov-jdk15on-1.57.jar;C:\Users\Nirbhay\.m2\repository\org\apache\commons\commons-lang3\3.4\commons-lang3-3.4.jar;C:\Users\Nirbhay\.m2\repository\org\seleniumhq\selenium\htmlunit-driver\2.35.1\htmlunit-driver-2.35.1.jar;C:\Users\Nirbhay\.m2\repository\org\seleniumhq\selenium\selenium-api\3.141.59\selenium-api-3.141.59.jar;C:\Users\Nirbhay\.m2\repository\org\seleniumhq\selenium\selenium-support\3.141.59\selenium-support-3.141.59.jar;C:\Users\Nirbhay\.m2\repository\net\sourceforge\htmlunit\htmlunit\2.35.0\htmlunit-2.35.0.jar;C:\Users\Nirbhay\.m2\repository\xalan\xalan\2.7.2\xalan-2.7.2.jar;C:\Users\Nirbhay\.m2\repository\xalan\serializer\2.7.2\serializer-2.7.2.jar;C:\Users\Nirbhay\.m2\repository\org\apache\commons\commons-text\1.6\commons-text-1.6.jar;C:\Users\Nirbhay\.m2\repository\org\apache\httpcomponents\httpmime\4.5.8\httpmime-4.5.8.jar;C:\Users\Nirbhay\.m2\repository\net\sourceforge\htmlunit\htmlunit-core-js\2.35.0\htmlunit-core-js-2.35.0.jar;C:\Users\Nirbhay\.m2\repository\net\sourceforge\htmlunit\neko-htmlunit\2.35.0\neko-htmlunit-2.35.0.jar;C:\Users\Nirbhay\.m2\repository\xerces\xercesImpl\2.12.0\xercesImpl-2.12.0.jar;C:\Users\Nirbhay\.m2\repository\net\sourceforge\htmlunit\htmlunit-cssparser\1.4.0\htmlunit-cssparser-1.4.0.jar;C:\Users\Nirbhay\.m2\repository\org\eclipse\jetty\websocket\websocket-client\9.4.16.v20190411\websocket-client-9.4.16.v20190411.jar;C:\Users\Nirbhay\.m2\repository\org\eclipse\jetty\jetty-client\9.4.16.v20190411\jetty-client-9.4.16.v20190411.jar;C:\Users\Nirbhay\.m2\repository\org\eclipse\jetty\jetty-http\9.4.16.v20190411\jetty-http-9.4.16.v20190411.jar;C:\Users\Nirbhay\.m2\repository\org\eclipse\jetty\jetty-xml\9.4.16.v20190411\jetty-xml-9.4.16.v20190411.jar;C:\Users\Nirbhay\.m2\repository\org\eclipse\jetty\jetty-util\9.4.16.v20190411\jetty-util-9.4.16.v20190411.jar;C:\Users\Nirbhay\.m2\repository\org\eclipse\jetty\jetty-io\9.4.16.v20190411\jetty-io-9.4.16.v20190411.jar;C:\Users\Nirbhay\.m2\repository\org\eclipse\jetty\websocket\websocket-common\9.4.16.v20190411\websocket-common-9.4.16.v20190411.jar;C:\Users\Nirbhay\.m2\repository\org\eclipse\jetty\websocket\websocket-api\9.4.16.v20190411\websocket-api-9.4.16.v20190411.jar;C:\Users\Nirbhay\.m2\repository\org\apache\logging\log4j\log4j-api\2.11.1\log4j-api-2.11.1.jar;C:\Users\Nirbhay\.m2\repository\com\hynnet\jacob\1.18\jacob-1.18.jar;C:\Users\Nirbhay\.m2\repository\io\github\bonigarcia\webdrivermanager\3.4.0\webdrivermanager-3.4.0.jar;C:\Users\Nirbhay\.m2\repository\org\slf4j\slf4j-api\1.7.25\slf4j-api-1.7.25.jar;C:\Users\Nirbhay\.m2\repository\com\google\code\gson\gson\2.8.5\gson-2.8.5.jar;C:\Users\Nirbhay\.m2\repository\org\apache\httpcomponents\httpclient\4.5.6\httpclient-4.5.6.jar;C:\Users\Nirbhay\.m2\repository\org\rauschig\jarchivelib\1.0.0\jarchivelib-1.0.0.jar;C:\Users\Nirbhay\.m2\repository\org\apache\commons\commons-compress\1.18\commons-compress-1.18.jar;C:\Users\Nirbhay\.m2\repository\org\jsoup\jsoup\1.11.3\jsoup-1.11.3.jar;C:\Users\Nirbhay\.m2\repository\com\codeborne\phantomjsdriver\1.4.4\phantomjsdriver-1.4.4.jar;C:\Users\Nirbhay\.m2\repository\org\seleniumhq\selenium\selenium-remote-driver\3.8.1\selenium-remote-driver-3.8.1.jar;C:\Users\Nirbhay\.m2\repository\org\seleniumhq\selenium\selenium-chrome-driver\3.141.59\selenium-chrome-driver-3.141.59.jar;C:\Users\Nirbhay\.m2\repository\net\bytebuddy\byte-buddy\1.8.15\byte-buddy-1.8.15.jar;C:\Users\Nirbhay\.m2\repository\org\apache\commons\commons-exec\1.3\commons-exec-1.3.jar;C:\Users\Nirbhay\.m2\repository\com\google\guava\guava\25.0-jre\guava-25.0-jre.jar;C:\Users\Nirbhay\.m2\repository\com\google\code\findbugs\jsr305\1.3.9\jsr305-1.3.9.jar;C:\Users\Nirbhay\.m2\repository\org\checkerframework\checker-compat-qual\2.0.0\checker-compat-qual-2.0.0.jar;C:\Users\Nirbhay\.m2\repository\com\google\errorprone\error_prone_annotations\2.1.3\error_prone_annotations-2.1.3.jar;C:\Users\Nirbhay\.m2\repository\com\google\j2objc\j2objc-annotations\1.1\j2objc-annotations-1.1.jar;C:\Users\Nirbhay\.m2\repository\org\codehaus\mojo\animal-sniffer-annotations\1.14\animal-sniffer-annotations-1.14.jar;C:\Users\Nirbhay\.m2\repository\com\squareup\okhttp3\okhttp\3.11.0\okhttp-3.11.0.jar;C:\Users\Nirbhay\.m2\repository\com\squareup\okio\okio\1.14.0\okio-1.14.0.jar;C:\Users\Nirbhay\.m2\repository\io\qameta\allure\allure-testng\2.12.1\allure-testng-2.12.1.jar;C:\Users\Nirbhay\.m2\repository\io\qameta\allure\allure-java-commons\2.12.1\allure-java-commons-2.12.1.jar;C:\Users\Nirbhay\.m2\repository\io\qameta\allure\allure-model\2.12.1\allure-model-2.12.1.jar;C:\Users\Nirbhay\.m2\repository\com\fasterxml\jackson\core\jackson-databind\2.9.8\jackson-databind-2.9.8.jar;C:\Users\Nirbhay\.m2\repository\com\fasterxml\jackson\core\jackson-annotations\2.9.0\jackson-annotations-2.9.0.jar;C:\Users\Nirbhay\.m2\repository\com\fasterxml\jackson\core\jackson-core\2.9.8\jackson-core-2.9.8.jar;C:\Users\Nirbhay\.m2\repository\org\apache\tika\tika-core\1.20\tika-core-1.20.jar;C:\Users\Nirbhay\.m2\repository\org\jooq\joor-java-8\0.9.10\joor-java-8-0.9.10.jar;C:\Users\Nirbhay\.m2\repository\org\apache\cassandra\cassandra-all\0.8.1\cassandra-all-0.8.1.jar;C:\Users\Nirbhay\.m2\repository\commons-cli\commons-cli\1.1\commons-cli-1.1.jar;C:\Users\Nirbhay\.m2\repository\commons-codec\commons-codec\1.2\commons-codec-1.2.jar;C:\Users\Nirbhay\.m2\repository\commons-collections\commons-collections\3.2.1\commons-collections-3.2.1.jar;C:\Users\Nirbhay\.m2\repository\commons-lang\commons-lang\2.4\commons-lang-2.4.jar;C:\Users\Nirbhay\.m2\repository\com\googlecode\concurrentlinkedhashmap\concurrentlinkedhashmap-lru\1.1\concurrentlinkedhashmap-lru-1.1.jar;C:\Users\Nirbhay\.m2\repository\org\antlr\antlr\3.2\antlr-3.2.jar;C:\Users\Nirbhay\.m2\repository\org\antlr\antlr-runtime\3.2\antlr-runtime-3.2.jar;C:\Users\Nirbhay\.m2\repository\org\antlr\stringtemplate\3.2\stringtemplate-3.2.jar;C:\Users\Nirbhay\.m2\repository\antlr\antlr\2.7.7\antlr-2.7.7.jar;C:\Users\Nirbhay\.m2\repository\org\apache\cassandra\deps\avro\1.4.0-cassandra-1\avro-1.4.0-cassandra-1.jar;C:\Users\Nirbhay\.m2\repository\org\mortbay\jetty\jetty\6.1.22\jetty-6.1.22.jar;C:\Users\Nirbhay\.m2\repository\org\mortbay\jetty\jetty-util\6.1.22\jetty-util-6.1.22.jar;C:\Users\Nirbhay\.m2\repository\org\mortbay\jetty\servlet-api\2.5-20081211\servlet-api-2.5-20081211.jar;C:\Users\Nirbhay\.m2\repository\org\codehaus\jackson\jackson-core-asl\1.4.0\jackson-core-asl-1.4.0.jar;C:\Users\Nirbhay\.m2\repository\org\codehaus\jackson\jackson-mapper-asl\1.4.0\jackson-mapper-asl-1.4.0.jar;C:\Users\Nirbhay\.m2\repository\jline\jline\0.9.94\jline-0.9.94.jar;C:\Users\Nirbhay\.m2\repository\com\googlecode\json-simple\json-simple\1.1\json-simple-1.1.jar;C:\Users\Nirbhay\.m2\repository\com\github\stephenc\high-scale-lib\high-scale-lib\1.1.2\high-scale-lib-1.1.2.jar;C:\Users\Nirbhay\.m2\repository\org\yaml\snakeyaml\1.6\snakeyaml-1.6.jar;C:\Users\Nirbhay\.m2\repository\org\apache\thrift\libthrift\0.6.1\libthrift-0.6.1.jar;C:\Users\Nirbhay\.m2\repository\junit\junit\4.4\junit-4.4.jar;C:\Users\Nirbhay\.m2\repository\javax\servlet\servlet-api\2.5\servlet-api-2.5.jar;C:\Users\Nirbhay\.m2\repository\org\apache\cassandra\cassandra-thrift\0.8.1\cassandra-thrift-0.8.1.jar;C:\Users\Nirbhay\.m2\repository\com\github\stephenc\jamm\0.2.2\jamm-0.2.2.jar;C:\Users\Nirbhay\.m2\repository\org\slf4j\slf4j-simple\1.6.1\slf4j-simple-1.6.1.jar;C:\Users\Nirbhay\.m2\repository\org\testng\testng\6.14.3\testng-6.14.3.jar;C:\Users\Nirbhay\.m2\repository\com\beust\jcommander\1.72\jcommander-1.72.jar;C:\Users\Nirbhay\.m2\repository\org\apache-extras\beanshell\bsh\2.0b6\bsh-2.0b6.jar;C:\Users\Nirbhay\.m2\repository\org\seleniumhq\selenium\selenium-java\3.8.0\selenium-java-3.8.0.jar;C:\Users\Nirbhay\.m2\repository\org\seleniumhq\selenium\selenium-edge-driver\3.8.0\selenium-edge-driver-3.8.0.jar;C:\Users\Nirbhay\.m2\repository\org\seleniumhq\selenium\selenium-firefox-driver\3.8.0\selenium-firefox-driver-3.8.0.jar;C:\Users\Nirbhay\.m2\repository\org\seleniumhq\selenium\selenium-ie-driver\3.8.0\selenium-ie-driver-3.8.0.jar;C:\Users\Nirbhay\.m2\repository\org\seleniumhq\selenium\selenium-opera-driver\3.8.0\selenium-opera-driver-3.8.0.jar;C:\Users\Nirbhay\.m2\repository\org\seleniumhq\selenium\selenium-safari-driver\3.8.0\selenium-safari-driver-3.8.0.jar;C:\Users\Nirbhay\.m2\repository\commons-logging\commons-logging\1.2\commons-logging-1.2.jar;C:\Users\Nirbhay\.m2\repository\org\apache\httpcomponents\httpcore\4.4.6\httpcore-4.4.6.jar;C:\Users\Nirbhay\.m2\repository\com\relevantcodes\extentreports\2.41.2\extentreports-2.41.2.jar;C:\Users\Nirbhay\.m2\repository\org\xerial\sqlite-jdbc\3.8.11.1\sqlite-jdbc-3.8.11.1.jar;C:\Users\Nirbhay\.m2\repository\org\freemarker\freemarker\2.3.23\freemarker-2.3.23.jar;C:\Users\Nirbhay\.m2\repository\org\mongodb\mongodb-driver\3.0.4\mongodb-driver-3.0.4.jar;C:\Users\Nirbhay\.m2\repository\org\mongodb\bson\3.0.4\bson-3.0.4.jar;C:\Users\Nirbhay\.m2\repository\org\mongodb\mongodb-driver-core\3.0.4\mongodb-driver-core-3.0.4.jar;C:\Users\Nirbhay\.m2\repository\org\uncommons\reportng\1.1.4\reportng-1.1.4.jar;C:\Users\Nirbhay\.m2\repository\velocity\velocity\1.4\velocity-1.4.jar;C:\Users\Nirbhay\.m2\repository\velocity\velocity-dep\1.4\velocity-dep-1.4.jar;C:\Users\Nirbhay\.m2\repository\org\apache\velocity\velocity\1.7\velocity-1.7.jar;C:\Users\Nirbhay\.m2\repository\com\google\inject\guice\4.0\guice-4.0.jar;C:\Users\Nirbhay\.m2\repository\javax\inject\javax.inject\1\javax.inject-1.jar;C:\Users\Nirbhay\.m2\repository\aopalliance\aopalliance\1.0\aopalliance-1.0.jar;C:\Users\Nirbhay\.m2\repository\org\apache\poi\poi\3.9\poi-3.9.jar;C:\Users\Nirbhay\.m2\repository\xml-apis\xml-apis\1.4.01\xml-apis-1.4.01.jar;C:\Users\Nirbhay\.m2\repository\org\apache\poi\poi-ooxml\3.9\poi-ooxml-3.9.jar;C:\Users\Nirbhay\.m2\repository\dom4j\dom4j\1.6.1\dom4j-1.6.1.jar;C:\Users\Nirbhay\.m2\repository\org\apache\poi\ooxml-schemas\1.1\ooxml-schemas-1.1.jar;C:\Users\Nirbhay\.m2\repository\org\apache\xmlbeans\xmlbeans\2.3.0\xmlbeans-2.3.0.jar;C:\Users\Nirbhay\.m2\repository\stax\stax-api\1.0.1\stax-api-1.0.1.jar;C:\Users\Nirbhay\.m2\repository\org\apache\poi\poi-ooxml-schemas\3.9\poi-ooxml-schemas-3.9.jar;C:\Users\Nirbhay\.m2\repository\org\apache\poi\poi-scratchpad\3.9\poi-scratchpad-3.9.jar;C:\Users\Nirbhay\.m2\repository\org\apache\poi\openxml4j\1.0-beta\openxml4j-1.0-beta.jar;C:\Users\Nirbhay\.m2\repository\log4j\log4j\1.2.8\log4j-1.2.8.jar;C:\Users\Nirbhay\.m2\repository\commons-io\commons-io\2.6\commons-io-2.6.jar;C:\Users\Nirbhay\.m2\repository\org\apache\maven\surefire\surefire-testng-utils\2.20.1\surefire-testng-utils-2.20.1.jar;C:\Users\Nirbhay\.m2\repository\org\apache\maven\surefire\surefire-grouper\2.20.1\surefire-grouper-2.20.1.jar;"/>
    <property name="sun.cpu.endian" value="little"/>
    <property name="user.home" value="C:\Users\Nirbhay"/>
    <property name="user.language" value="en"/>
    <property name="java.specification.vendor" value="Oracle Corporation"/>
    <property name="java.home" value="C:\Program Files\Java\jdk1.8.0_231\jre"/>
    <property name="basedir" value="C:\Users\Nirbhay\eclipse-workspace\cimb"/>
    <property name="file.separator" value="\"/>
    <property name="line.separator" value="&#10;"/>
    <property name="java.vm.specification.vendor" value="Oracle Corporation"/>
    <property name="java.specification.name" value="Java Platform API Specification"/>
    <property name="java.awt.graphicsenv" value="sun.awt.Win32GraphicsEnvironment"/>
    <property name="surefire.real.class.path" value="C:\Users\Nirbhay\AppData\Local\Temp\surefire407477454701606989\surefirebooter7754610556287315163.jar"/>
    <property name="sun.boot.class.path" value="C:\Program Files\Java\jdk1.8.0_231\jre\lib\resources.jar;C:\Program Files\Java\jdk1.8.0_231\jre\lib\rt.jar;C:\Program Files\Java\jdk1.8.0_231\jre\lib\sunrsasign.jar;C:\Program Files\Java\jdk1.8.0_231\jre\lib\jsse.jar;C:\Program Files\Java\jdk1.8.0_231\jre\lib\jce.jar;C:\Program Files\Java\jdk1.8.0_231\jre\lib\charsets.jar;C:\Program Files\Java\jdk1.8.0_231\jre\lib\jfr.jar;C:\Program Files\Java\jdk1.8.0_231\jre\classes"/>
    <property name="user.script" value=""/>
    <property name="sun.management.compiler" value="HotSpot 64-Bit Tiered Compilers"/>
    <property name="java.runtime.version" value="1.8.0_231-b11"/>
    <property name="user.name" value="Nirbhay"/>
    <property name="path.separator" value=";"/>
    <property name="os.version" value="10.0"/>
    <property name="java.endorsed.dirs" value="C:\Program Files\Java\jdk1.8.0_231\jre\lib\endorsed"/>
    <property name="java.runtime.name" value="Java(TM) SE Runtime Environment"/>
    <property name="file.encoding" value="Cp1252"/>
    <property name="java.vm.name" value="Java HotSpot(TM) 64-Bit Server VM"/>
    <property name="localRepository" value="C:\Users\Nirbhay\.m2\repository"/>
    <property name="java.vendor.url.bug" value="http://bugreport.sun.com/bugreport/"/>
    <property name="java.io.tmpdir" value="C:\Users\Nirbhay\AppData\Local\Temp\"/>
    <property name="java.version" value="1.8.0_231"/>
    <property name="user.dir" value="C:\Users\Nirbhay\eclipse-workspace\cimb"/>
    <property name="os.arch" value="amd64"/>
    <property name="java.vm.specification.name" value="Java Virtual Machine Specification"/>
    <property name="java.awt.printerjob" value="sun.awt.windows.WPrinterJob"/>
    <property name="sun.os.patch.level" value=""/>
    <property name="java.library.path" value="C:\Program Files\Java\jdk1.8.0_231\jre\bin;C:\WINDOWS\Sun\Java\bin;C:\WINDOWS\system32;C:\WINDOWS;C:\Program Files (x86)\Common Files\Oracle\Java\javapath;C:\WINDOWS\system32;C:\WINDOWS;C:\WINDOWS\System32\Wbem;C:\WINDOWS\System32\WindowsPowerShell\v1.0\;C:\WINDOWS\System32\OpenSSH\;C:\Program Files (x86)\NVIDIA Corporation\PhysX\Common;C:\Program Files\nodejs\;C:\Program Files\Git\cmd;C:\Program Files\NVIDIA Corporation\NVIDIA NvDLISR;C:\WINDOWS\system32;C:\WINDOWS;C:\WINDOWS\System32\Wbem;C:\WINDOWS\System32\WindowsPowerShell\v1.0\;C:\WINDOWS\System32\OpenSSH\;C:\Program Files\apache-maven-3.6.2-bin\apache-maven-3.6.2\bin;C:\Program Files\Java\jdk1.8.0_231\bin;C:\Users\Nirbhay\Desktop\android-sdk\platform-tools;C:\Users\Nirbhay\Desktop\android-sdk\tools\bin;;C:\Users\Nirbhay\AppData\Local\Microsoft\WindowsApps;C:\Users\Nirbhay\AppData\Roaming\npm;C:\Users\Nirbhay\AppData\Local\Programs\Microsoft VS Code\bin;C:\Users\Nirbhay\AppData\Local\GitHubDesktop\bin;C:\Program Files\Docker Toolbox;."/>
    <property name="java.vm.info" value="mixed mode"/>
    <property name="java.vendor" value="Oracle Corporation"/>
    <property name="java.vm.version" value="25.231-b11"/>
    <property name="java.ext.dirs" value="C:\Program Files\Java\jdk1.8.0_231\jre\lib\ext;C:\WINDOWS\Sun\Java\lib\ext"/>
    <property name="sun.io.unicode.encoding" value="UnicodeLittle"/>
    <property name="java.class.version" value="52.0"/>
  </properties>
  <testcase name="cimbBankToolsTestCases" classname="cimb.qa.testcases.CimbBankTestCases" time="8.265"/>
  <testcase name="cimbDealDeatilsTestCase" classname="cimb.qa.testcases.CimbDealsTestCases" time="29.038"/>
</testsuite>