<?xml version="1.0" encoding="UTF-8"?>
<!-- Generated by org.testng.reporters.JUnitReportReporter -->
<testsuite skipped="0" hostname="Lenovo-PC" name="cimb.qa.testcases.CimbDealsTestCases" tests="1" failures="0" timestamp="22 Mar 2020 18:52:27 GMT" time="41.371" errors="0">
  <testcase name="cimbDealDeatilsTestCase" time="41.371" classname="cimb.qa.testcases.CimbDealsTestCases"/>
</testsuite> <!-- cimb.qa.testcases.CimbDealsTestCases -->
