<?xml version="1.0" encoding="UTF-8"?>
<!-- Generated by org.testng.reporters.JUnitReportReporter -->
<testsuite skipped="0" hostname="Lenovo-PC" name="cimb.qa.testcases.CimbBankTestCases" tests="1" failures="0" timestamp="22 Mar 2020 18:52:27 GMT" time="25.595" errors="0">
  <testcase name="cimbBankToolsTestCases" time="25.595" classname="cimb.qa.testcases.CimbBankTestCases"/>
</testsuite> <!-- cimb.qa.testcases.CimbBankTestCases -->
