<?xml version="1.0" encoding="UTF-8"?>
<!-- Generated by org.testng.reporters.JUnitReportReporter -->
<testsuite skipped="0" hostname="Lenovo-PC" name="qa.cimb.CimbBase" tests="1" failures="0" timestamp="19 Mar 2020 08:21:08 GMT" time="21.584" errors="0">
  <testcase name="launchBrowser" time="21.584" classname="qa.cimb.CimbBase"/>
</testsuite> <!-- qa.cimb.CimbBase -->
