<?xml version="1.0" encoding="UTF-8"?>
<!-- Generated by org.testng.reporters.JUnitReportReporter -->
<testsuite skipped="0" hostname="Lenovo-PC" name="cimb.qa.testcases.CimbBankTestCases" tests="1" failures="0" timestamp="23 Mar 2020 10:52:55 GMT" time="25.050" errors="0">
  <testcase name="cimbBankToolsTestCases" time="25.050" classname="cimb.qa.testcases.CimbBankTestCases"/>
</testsuite> <!-- cimb.qa.testcases.CimbBankTestCases -->
