<?xml version="1.0" encoding="UTF-8"?>
<!-- Generated by org.testng.reporters.JUnitReportReporter -->
<testsuite skipped="0" hostname="Lenovo-PC" name="cimb.qa.testcases.CimbDealsTestCases" tests="1" failures="0" timestamp="23 Mar 2020 10:52:55 GMT" time="48.238" errors="0">
  <testcase name="cimbDealDeatilsTestCase" time="48.238" classname="cimb.qa.testcases.CimbDealsTestCases"/>
</testsuite> <!-- cimb.qa.testcases.CimbDealsTestCases -->
